<?xml version="1.0" encoding="UTF-8"?>
<!-- Generated by org.testng.reporters.JUnitReportReporter -->
<testsuite hostname="Admin-PC" failures="0" tests="4" name="com.inetbanking.testCases.TestNG" time="0.045" errors="0" timestamp="2022-06-17T19:59:01 IST" skipped="0">
  <testcase classname="com.inetbanking.testCases.TestNG" name="TC_002" time="0.002"/>
  <system-out/>
  <testcase classname="com.inetbanking.testCases.TestNG" name="TC_001" time="0.038"/>
  <system-out/>
  <testcase classname="com.inetbanking.testCases.TestNG" name="TC_003" time="0.003"/>
  <system-out/>
  <testcase classname="com.inetbanking.testCases.TestNG" name="TC_004" time="0.002"/>
  <system-out/>
</testsuite> <!-- com.inetbanking.testCases.TestNG -->
