<?xml version="1.0" encoding="UTF-8"?>
<!-- Generated by org.testng.reporters.JUnitReportReporter -->
<testsuite hostname="Admin-PC" failures="0" tests="1" name="com.inetbanking.testCases.AddNewCustometTest" time="44.705" errors="0" timestamp="13 Jun 2022 06:05:04 GMT" skipped="0">
  <testcase classname="com.inetbanking.testCases.AddNewCustometTest" name="addNewCustomer" time="44.705"/>
</testsuite> <!-- com.inetbanking.testCases.AddNewCustometTest -->
